<?xml version="1.0" encoding="UTF-8"?>
<!-- Generated by org.testng.reporters.JUnitXMLReporter -->
<testsuite hostname="Anuragi-pankaj" ignored="0" name="Test-class test 1" tests="1" failures="0" timestamp="12 Jun 2018 06:22:05 GMT" time="0.031" errors="0">
  <testcase name="testMethodOne" time="0.005" classname="parallel.multiTest"/>
</testsuite> <!-- Test-class test 1 -->
