<?xml version="1.0" encoding="UTF-8"?>
<!-- Generated by org.testng.reporters.JUnitReportReporter -->
<testsuite skipped="0" hostname="Anuragi-pankaj" name="tests.testFbMainPage" tests="2" failures="0" timestamp="13 Jun 2018 10:41:48 GMT" time="5.860" errors="0">
  <testcase name="verifyMainPage" time="0.016" classname="tests.testFbMainPage"/>
  <testcase name="verifyLogin" time="5.844" classname="tests.testFbMainPage"/>
</testsuite> <!-- tests.testFbMainPage -->
