<?xml version="1.0" encoding="UTF-8"?>
<!-- Generated by org.testng.reporters.JUnitReportReporter -->
<testsuite skipped="0" hostname="Anuragi-pankaj" name="tests.testBasePage" tests="1" failures="0" timestamp="13 Jun 2018 09:51:38 GMT" time="0.015" errors="0">
  <testcase name="verifyHomePage" time="0.015" classname="tests.testBasePage"/>
</testsuite> <!-- tests.testBasePage -->
