<?xml version="1.0" encoding="UTF-8"?>
<!-- Generated by org.testng.reporters.JUnitReportReporter -->
<testsuite skipped="0" hostname="Anuragi-pankaj" name="testng.NewTest1" tests="2" failures="0" timestamp="11 Jun 2018 09:53:55 GMT" time="0.014" errors="0">
  <testcase name="verifyHomepageTitle" time="0.009" classname="testng.NewTest1"/>
  <testcase name="gotoImage" time="0.005" classname="testng.NewTest1"/>
</testsuite> <!-- testng.NewTest1 -->
