<?xml version="1.0" encoding="UTF-8"?>
<!-- Generated by org.testng.reporters.JUnitReportReporter -->
<testsuite skipped="0" hostname="Anuragi-pankaj" name="testng.testngXmlDemo" tests="1" failures="0" timestamp="11 Jun 2018 09:11:25 GMT" time="0.005" errors="0">
  <testcase name="f" time="0.005" classname="testng.testngXmlDemo"/>
</testsuite> <!-- testng.testngXmlDemo -->
