<?xml version="1.0" encoding="UTF-8"?>
<!-- Generated by org.testng.reporters.JUnitReportReporter -->
<testsuite skipped="0" hostname="Anuragi-pankaj" name="xmlDemo.testngXmlDemo" tests="1" failures="0" timestamp="11 Jun 2018 09:53:55 GMT" time="0.004" errors="0">
  <testcase name="f" time="0.004" classname="xmlDemo.testngXmlDemo"/>
</testsuite> <!-- xmlDemo.testngXmlDemo -->
