<?xml version="1.0" encoding="UTF-8"?>
<!-- Generated by org.testng.reporters.JUnitReportReporter -->
<testsuite skipped="0" hostname="Anuragi-pankaj" name="testng.methodDepend" tests="2" failures="0" timestamp="11 Jun 2018 11:09:59 GMT" time="0.009" errors="0">
  <testcase name="method1" time="0.008" classname="testng.methodDepend"/>
  <testcase name="method2" time="0.001" classname="testng.methodDepend"/>
</testsuite> <!-- testng.methodDepend -->
