<?xml version="1.0" encoding="UTF-8"?>
<!-- Generated by org.testng.reporters.JUnitReportReporter -->
<testsuite skipped="0" hostname="Anuragi-pankaj" name="parallel.parallelClass2" tests="1" failures="0" timestamp="12 Jun 2018 06:09:57 GMT" time="0.011" errors="0">
  <testcase name="Test1" time="0.011" classname="parallel.parallelClass2"/>
</testsuite> <!-- parallel.parallelClass2 -->
