<?xml version="1.0" encoding="UTF-8"?>
<!-- Generated by org.testng.reporters.JUnitReportReporter -->
<testsuite skipped="0" hostname="Anuragi-pankaj" name="xmlDemo.multiBrowser" tests="4" failures="0" timestamp="11 Jun 2018 10:35:56 GMT" time="59.247" errors="0">
  <testcase name="searchData" time="9.823" classname="xmlDemo.multiBrowser"/>
  <testcase name="searchData" time="19.325" classname="xmlDemo.multiBrowser"/>
  <testcase name="searchData" time="18.189" classname="xmlDemo.multiBrowser"/>
  <testcase name="searchData" time="11.910" classname="xmlDemo.multiBrowser"/>
</testsuite> <!-- xmlDemo.multiBrowser -->
