<?xml version="1.0" encoding="UTF-8"?>
<!-- Generated by org.testng.reporters.JUnitReportReporter -->
<testsuite skipped="0" hostname="Anuragi-pankaj" name="parallel.parallelTest" tests="2" failures="0" timestamp="12 Jun 2018 07:05:36 GMT" time="18.543" errors="0">
  <testcase name="Test2" time="9.399" classname="parallel.parallelTest"/>
  <testcase name="Test1" time="9.144" classname="parallel.parallelTest"/>
</testsuite> <!-- parallel.parallelTest -->
