<?xml version="1.0" encoding="UTF-8"?>
<!-- Generated by org.testng.reporters.JUnitReportReporter -->
<testsuite skipped="0" hostname="Anuragi-pankaj" name="testng.dataDrivenTest" tests="2" failures="0" timestamp="11 Jun 2018 11:17:31 GMT" time="17.106" errors="0">
  <testcase name="f" time="3.830" classname="testng.dataDrivenTest"/>
  <testcase name="f" time="13.276" classname="testng.dataDrivenTest"/>
</testsuite> <!-- testng.dataDrivenTest -->
