<?xml version="1.0" encoding="UTF-8"?>
<!-- Generated by org.testng.reporters.JUnitReportReporter -->
<testsuite skipped="0" hostname="Anuragi-pankaj" name="testng.yahooLoginTest" tests="2" failures="0" timestamp="11 Jun 2018 06:51:00 GMT" time="9.149" errors="0">
  <testcase name="CheckTitle" time="0.014" classname="testng.yahooLoginTest"/>
  <testcase name="LoginTest" time="9.135" classname="testng.yahooLoginTest"/>
</testsuite> <!-- testng.yahooLoginTest -->
