<?xml version="1.0" encoding="UTF-8"?>
<!-- Generated by org.testng.reporters.JUnitReportReporter -->
<testsuite skipped="0" hostname="Anuragi-pankaj" name="testng.gmailLoginTest" tests="2" failures="0" timestamp="11 Jun 2018 06:13:12 GMT" time="8.168" errors="0">
  <testcase name="CheckTitle" time="0.016" classname="testng.gmailLoginTest"/>
  <testcase name="LoginTest" time="8.152" classname="testng.gmailLoginTest"/>
</testsuite> <!-- testng.gmailLoginTest -->
