<?xml version="1.0" encoding="UTF-8"?>
<!-- Generated by org.testng.reporters.JUnitReportReporter -->
<testsuite skipped="0" hostname="Anuragi-pankaj" name="parallel.parallelBrowserTestNg" tests="3" failures="0" timestamp="11 Jun 2018 12:48:46 GMT" time="33.869" errors="0">
  <testcase name="b" time="10.407" classname="parallel.parallelBrowserTestNg"/>
  <testcase name="a" time="11.714" classname="parallel.parallelBrowserTestNg"/>
  <testcase name="c" time="11.748" classname="parallel.parallelBrowserTestNg"/>
</testsuite> <!-- parallel.parallelBrowserTestNg -->
