<?xml version="1.0" encoding="UTF-8"?>
<!-- Generated by org.testng.reporters.JUnitReportReporter -->
<testsuite skipped="0" hostname="Anuragi-pankaj" name="parallel.multiTest" tests="2" failures="0" timestamp="12 Jun 2018 09:09:07 GMT" time="0.009" errors="0">
  <testcase name="testMethodOne" time="0.005" classname="parallel.multiTest"/>
  <testcase name="testMethodOne" time="0.004" classname="parallel.multiTest"/>
</testsuite> <!-- parallel.multiTest -->
